<?xml version="1.0" encoding="UTF-8"?>
<!-- Generated by org.testng.reporters.JUnitReportReporter -->
<testsuite hostname="Saad" failures="0" tests="1" name="HomeTest" time="0.001" errors="0" timestamp="2022-05-20T16:05:12 EET" skipped="1">
  <testcase classname="HomeTest" name="testClick" time="0.001">
    <skipped/>
  </testcase> <!-- testClick -->
  <system-out/>
</testsuite> <!-- HomeTest -->
