<?xml version="1.0" encoding="UTF-8"?>
<!-- Generated by org.testng.reporters.JUnitReportReporter -->
<testsuite hostname="Saad" failures="0" tests="1" name="BaseTest" time="0.008" errors="0" timestamp="2022-05-20T16:12:11 EET" skipped="0">
  <testcase classname="BaseTest" name="testClick" time="0.008"/>
  <system-out/>
</testsuite> <!-- BaseTest -->
